2021-11-22 20:27:48 error: Error: Error: ENOENT: no such file or directory, open 'C:\Users\edais\Desktop\CertVerify\BLSD_Certificates\d2660ddb-4959-43af-bb64-f8f47a843b91.pdf'
2021-11-22 20:40:09 error: Error: Error: ENOENT: no such file or directory, open 'C:\Users\edais\Desktop\CertVerify\BLSD_Certificates\6ca68e14-db70-4673-a470-8379d9ab4f92.pdf'
2021-11-23 00:03:31 error: Error: Error: ENOENT: no such file or directory, open 'C:\Users\edais\Desktop\CertVerify\BLSD_Certificates\f20b335d-b084-4548-97f0-b61ae024ae51.pdf'
2021-11-23 00:08:11 error: Error: Error: ENOENT: no such file or directory, open 'C:\Users\edais\Desktop\CertVerify\BLSD_Certificates\08412079-5336-4f69-930a-e316a2dfabd8.pdf'
2021-11-23 00:17:38 error: Error: Error: ENOENT: no such file or directory, open 'C:\Users\edais\Desktop\CertVerify\BLSD_Certificates\b443d06e-00dc-4279-b316-64bb4d86eeb1.pdf'
2021-11-23 15:27:37 error: Error: Error: ENOENT: no such file or directory, open 'C:\Users\edais\Desktop\CertVerify\BLSD_Certificates\7d74be44-57f4-4890-be3a-ebda0b08dac4.pdf'
2021-12-08 13:23:06 error: Error: Error: queryA EREFUSED smtp.gmail.com
2021-12-08 13:24:50 error: Error: Error: ENOENT: no such file or directory, open 'C:\Users\edais\Desktop\CertVerify\BLSD_Certificates\639c0778-51f5-41a7-97dc-113b7813af04.pdf'
2021-12-08 13:38:44 error: Error: Error: ENOENT: no such file or directory, open 'C:\Users\edais\Desktop\CertVerify\BLSD_Certificates\85e15736-43e5-4f87-9c6c-305cccbca99e.pdf'
2021-12-08 13:47:09 error: error ? ENOENT: no such file or directory, mkdir 'C:\Users\edais\Desktop\C:\Users\edais\Desktop\CertVerify\src\BLSD_Certificates'
2021-12-08 13:50:41 error: Error: Error: ENOENT: no such file or directory, open 'C:\Users\edais\Desktop\CertVerify\BLSD_Certificates\d366b91c-a742-4427-8a5f-37dc4a0f89f5.pdf'
2021-12-08 13:57:10 error: Error: Error: ENOENT: no such file or directory, open 'C:\Users\edais\Desktop\CertVerify\BLSD_Certificates\f6dd7aed-1320-4eec-9424-b1fb3b5b91b1.pdf'
2021-12-08 13:58:04 error: Error: Error: ENOENT: no such file or directory, open 'C:\Users\edais\Desktop\CertVerify\BLSD_Certificates\81445ea4-232e-46c6-b0c7-e0dff34a5ba2.pdf'
2021-12-08 14:53:48 error: Error: Error: ENOENT: no such file or directory, open 'C:\Users\edais\Desktop\CertVerify\BLSD_Certificates\2058e9e3-5685-4789-a101-999bb4670c89.pdf'
2021-12-08 15:05:24 error: Error: Error: ENOENT: no such file or directory, open 'C:\Users\edais\Desktop\CertVerify\BLSD_Certificates\2fddbddb-a3ae-46bb-9cc4-07d70ddb992d.pdf'
2021-12-08 15:10:46 error: Error: Error: ENOENT: no such file or directory, open 'C:\Users\edais\Desktop\CertVerify\BLSD_Certificates\893ffbf4-184a-470b-8e8d-ae27f58309ad.pdf'
2021-12-08 15:16:27 error: Error: Error: Invalid login: 534-5.7.9 Application-specific password required. Learn more at
534 5.7.9  https://support.google.com/mail/?p=InvalidSecondFactor k21sm1994277edo.87 - gsmtp
2021-12-08 15:17:30 error: Error: Error: Invalid login: 534-5.7.9 Application-specific password required. Learn more at
534 5.7.9  https://support.google.com/mail/?p=InvalidSecondFactor my2sm1568623ejc.109 - gsmtp
2021-12-08 15:19:41 error: Error: Error: Invalid login: 534-5.7.9 Application-specific password required. Learn more at
534 5.7.9  https://support.google.com/mail/?p=InvalidSecondFactor h7sm2226073edb.89 - gsmtp
2021-12-08 15:21:51 error: Error: Error: ENOENT: no such file or directory, open 'C:\Users\edais\Desktop\CertVerify\BLSD_Certificates\37823498-d306-4f68-8b6e-b54e562fefdd.pdf'
2021-12-08 15:24:12 error: Error: Error: ENOENT: no such file or directory, open 'C:\Users\edais\Desktop\CertVerify\BLSD_Certificates\824f19e4-b9b5-41f1-89ff-e90302a82c13.pdf'
2021-12-08 23:25:02 error: The "path" argument must be of type string or an instance of Buffer or URL. Received undefined
2021-12-08 23:28:47 error: The "path" argument must be of type string or an instance of Buffer or URL. Received undefined
2021-12-08 23:43:20 error: The "path" argument must be of type string or an instance of Buffer or URL. Received undefined
2021-12-09 08:47:56 error: The "path" argument must be of type string or an instance of Buffer or URL. Received undefined
2021-12-09 08:54:20 error: The argument 'path' must be a string or Uint8Array without null bytes. Received <Buffer 50 4b 03 04 14 00 06 00 08 00 00 00 21 00 4a 73 d2 d8 6d 01 00 00 28 06 00 00 13 00 08 02 5b 43 6f 6e 74 65 6e 74 5f 54 ...
2021-12-09 08:55:34 error: The argument 'path' must be a string or Uint8Array without null bytes. Received <Buffer 50 4b 03 04 14 00 06 00 08 00 00 00 21 00 4a 73 d2 d8 6d 01 00 00 28 06 00 00 13 00 08 02 5b 43 6f 6e 74 65 6e 74 5f 54 ...
2021-12-09 09:00:46 error: The "path" argument must be of type string or an instance of Buffer or URL. Received undefined
2021-12-09 09:04:44 error: The "path" argument must be of type string or an instance of Buffer or URL. Received undefined
2021-12-09 09:36:02 error: The "path" argument must be of type string or an instance of Buffer or URL. Received undefined
2021-12-09 09:36:48 error: The "path" argument must be of type string or an instance of Buffer or URL. Received undefined
2021-12-09 14:03:22 error: The "path" argument must be of type string or an instance of Buffer or URL. Received undefined
2021-12-17 14:01:05 error: Error: Error: getaddrinfo ENOTFOUND smtp.gmail.com
2021-12-17 14:03:18 error: The "path" argument must be of type string or an instance of Buffer or URL. Received undefined
2022-04-09 12:24:43 error: Error: Error: self signed certificate in certificate chain
2022-04-09 12:26:43 error: Error: Error: self signed certificate in certificate chain
2022-04-10 09:29:37 error: Error: Error: self signed certificate in certificate chain
2022-04-10 09:42:01 error: Error: Error: self signed certificate in certificate chain
2022-04-10 09:45:17 error: Error: Error: self signed certificate in certificate chain
2022-04-10 09:46:44 error: Error: Error: self signed certificate in certificate chain
2022-04-13 21:37:58 error: Error: Error: self signed certificate in certificate chain
2022-04-13 21:45:01 error: Error: Error: self signed certificate in certificate chain
2022-04-13 22:52:58 error: Error: Error: self signed certificate in certificate chain
2022-04-14 10:25:40 error: Error: Error: self signed certificate in certificate chain
2022-04-14 10:28:24 error: Error: Error: self signed certificate in certificate chain
2022-04-14 10:38:45 error: Error: Error: self signed certificate in certificate chain
2022-04-14 10:39:23 error: Error: Error: self signed certificate in certificate chain
2022-04-14 11:11:32 error: Error: Error: self signed certificate in certificate chain
2022-04-14 11:37:28 error: Error: Error: self signed certificate in certificate chain
2022-04-14 11:38:25 error: Error: Error: self signed certificate in certificate chain
2022-04-14 11:39:15 error: Error: Error: self signed certificate in certificate chain
2022-04-14 11:39:41 error: Error: Error: self signed certificate in certificate chain
2022-04-14 11:39:58 error: Error: Error: self signed certificate in certificate chain
2022-04-14 11:47:21 error: Error: Error: self signed certificate in certificate chain
2022-04-14 15:18:40 error: Error: Error: self signed certificate in certificate chain
2022-04-14 15:20:46 error: Error: Error: self signed certificate in certificate chain
2022-04-14 15:29:30 error: Error: Error: self signed certificate in certificate chain
2022-04-14 15:31:10 error: Error: Error: self signed certificate in certificate chain
2022-04-14 15:52:59 error: Error: Error: self signed certificate in certificate chain
2022-04-14 15:54:00 error: Error: Error: self signed certificate in certificate chain
2022-04-14 15:58:01 error: Error: Error: self signed certificate in certificate chain
2022-04-14 15:59:19 error: Error: Error: self signed certificate in certificate chain
2022-04-14 16:02:26 error: Error: Error: self signed certificate in certificate chain
2022-04-14 16:03:57 error: Error: Error: self signed certificate in certificate chain
2022-04-15 08:23:42 error: Error: Error: self signed certificate in certificate chain
2022-04-15 08:26:20 error: Error: Error: self signed certificate in certificate chain
2022-04-15 08:33:34 error: Error: Error: self signed certificate in certificate chain
2022-04-15 08:35:41 error: Error: Error: self signed certificate in certificate chain
2022-04-15 08:48:47 error: Error: Error: self signed certificate in certificate chain
2022-04-15 08:53:36 error: Error: Error: self signed certificate in certificate chain
2022-04-15 08:54:27 error: Error: Error: self signed certificate in certificate chain
2022-04-15 09:17:14 error: Error: Error: self signed certificate in certificate chain
