2021-11-22 20:27:19 info: DB Created successfully!
2021-11-22 20:27:19 info: Server is listening at 3000
2021-11-22 20:27:47 info: new patient added in DB
2021-11-22 20:27:47 info: Directory created successfully!
2021-11-22 20:27:47 info: The file has been saved!
2021-11-22 20:27:48 error: Error: Error: ENOENT: no such file or directory, open 'C:\Users\edais\Desktop\CertVerify\BLSD_Certificates\d2660ddb-4959-43af-bb64-f8f47a843b91.pdf'
2021-11-22 20:27:48 info: info
2021-11-22 20:36:56 info: DB Created successfully!
2021-11-22 20:36:56 info: Server is listening at 3000
2021-11-22 20:36:58 info: Database is Closing...
2021-11-22 20:37:01 info: DB Created successfully!
2021-11-22 20:37:01 info: Server is listening at 3000
2021-11-22 20:37:22 info: new patient added in DB
2021-11-22 20:37:22 info: Directory created successfully!
2021-11-22 20:37:22 info: The file has been saved!
2021-11-22 20:37:24 info: info
2021-11-22 20:40:09 info: new patient added in DB
2021-11-22 20:40:09 info: Directory created successfully!
2021-11-22 20:40:09 info: The file has been saved!
2021-11-22 20:40:09 error: Error: Error: ENOENT: no such file or directory, open 'C:\Users\edais\Desktop\CertVerify\BLSD_Certificates\6ca68e14-db70-4673-a470-8379d9ab4f92.pdf'
2021-11-22 20:40:09 info: info
2021-11-23 00:02:36 info: DB Created successfully!
2021-11-23 00:02:36 info: Server is listening at 3000
2021-11-23 00:03:29 info: new patient added in DB
2021-11-23 00:03:31 info: Directory created successfully!
2021-11-23 00:03:31 info: The file has been saved!
2021-11-23 00:03:31 error: Error: Error: ENOENT: no such file or directory, open 'C:\Users\edais\Desktop\CertVerify\BLSD_Certificates\f20b335d-b084-4548-97f0-b61ae024ae51.pdf'
2021-11-23 00:03:31 info: info
2021-11-23 00:07:51 info: Database is Closing...
2021-11-23 00:07:54 info: DB Created successfully!
2021-11-23 00:07:54 info: Server is listening at 3000
2021-11-23 00:08:10 info: new patient added in DB
2021-11-23 00:08:11 info: Directory created successfully!
2021-11-23 00:08:11 info: The file has been saved!
2021-11-23 00:08:11 error: Error: Error: ENOENT: no such file or directory, open 'C:\Users\edais\Desktop\CertVerify\BLSD_Certificates\08412079-5336-4f69-930a-e316a2dfabd8.pdf'
2021-11-23 00:08:11 info: info
2021-11-23 00:08:45 info: Database is Closing...
2021-11-23 00:08:47 info: DB Created successfully!
2021-11-23 00:08:47 info: Server is listening at 3000
2021-11-23 00:09:13 info: Database is Closing...
2021-11-23 00:09:15 info: DB Created successfully!
2021-11-23 00:09:15 info: Server is listening at 3000
2021-11-23 00:09:33 info: new patient added in DB
2021-11-23 00:09:34 info: Directory created successfully!
2021-11-23 00:09:34 info: The file has been saved!
2021-11-23 00:11:22 info: DB Created successfully!
2021-11-23 00:11:22 info: Server is listening at 3000
2021-11-23 00:11:54 info: DB Created successfully!
2021-11-23 00:11:54 info: Server is listening at 3000
2021-11-23 00:12:48 info: DB Created successfully!
2021-11-23 00:12:48 info: Server is listening at 3000
2021-11-23 00:12:50 info: Database is Closing...
2021-11-23 00:12:59 info: DB Created successfully!
2021-11-23 00:12:59 info: Server is listening at 3000
2021-11-23 00:13:50 info: Database is Closing...
2021-11-23 00:13:53 info: DB Created successfully!
2021-11-23 00:13:53 info: Server is listening at 3000
2021-11-23 00:14:52 info: Database is Closing...
2021-11-23 00:14:55 info: DB Created successfully!
2021-11-23 00:14:55 info: Server is listening at 3000
2021-11-23 00:15:08 info: Database is Closing...
2021-11-23 00:15:10 info: DB Created successfully!
2021-11-23 00:15:10 info: Server is listening at 3000
2021-11-23 00:15:58 info: Database is Closing...
2021-11-23 00:16:00 info: DB Created successfully!
2021-11-23 00:16:00 info: Server is listening at 3000
2021-11-23 00:16:27 info: Database is Closing...
2021-11-23 00:17:03 info: DB Created successfully!
2021-11-23 00:17:03 info: Server is listening at 3000
2021-11-23 00:17:36 info: new patient added in DB
2021-11-23 00:17:37 info: Directory created successfully!
2021-11-23 00:17:37 info: The file has been saved!
2021-11-23 00:17:38 error: Error: Error: ENOENT: no such file or directory, open 'C:\Users\edais\Desktop\CertVerify\BLSD_Certificates\b443d06e-00dc-4279-b316-64bb4d86eeb1.pdf'
2021-11-23 00:17:38 info: info
2021-11-23 00:18:20 info: DB Created successfully!
2021-11-23 00:18:20 info: Server is listening at 3000
2021-11-23 00:18:59 info: DB Created successfully!
2021-11-23 00:18:59 info: Server is listening at 3000
2021-11-23 00:19:27 info: DB Created successfully!
2021-11-23 00:19:27 info: Server is listening at 3000
2021-11-23 00:20:05 info: new patient added in DB
2021-11-23 00:20:06 info: Directory created successfully!
2021-11-23 00:20:06 info: The file has been saved!
2021-11-23 09:21:58 info: DB Created successfully!
2021-11-23 09:21:58 info: Server is listening at 3000
2021-11-23 09:23:07 info: Database is Closing...
2021-11-23 09:23:09 info: DB Created successfully!
2021-11-23 09:23:09 info: Server is listening at 3000
2021-11-23 09:23:31 info: new patient added in DB
2021-11-23 09:23:33 info: Directory created successfully!
2021-11-23 09:23:33 info: The file has been saved!
2021-11-23 09:27:01 info: DB Created successfully!
2021-11-23 09:27:01 info: Server is listening at 3000
2021-11-23 12:13:33 info: Database is Closing...
2021-11-23 12:13:38 info: DB Created successfully!
2021-11-23 12:13:38 info: Server is listening at 3000
2021-11-23 12:45:47 info: Database is Closing...
2021-11-23 12:45:50 info: DB Created successfully!
2021-11-23 12:45:50 info: Server is listening at 3000
2021-11-23 12:47:24 info: new patient added in DB
2021-11-23 12:47:28 info: DB Created successfully!
2021-11-23 12:47:28 info: Server is listening at 3000
2021-11-23 12:49:50 info: DB Created successfully!
2021-11-23 12:49:50 info: Server is listening at 3000
2021-11-23 12:50:23 info: new patient added in DB
2021-11-23 12:50:24 info: Directory created successfully!
2021-11-23 12:50:24 info: The file has been saved!
2021-11-23 12:50:26 info: info
2021-11-23 12:51:21 info: Database is Closing...
2021-11-23 12:51:24 info: DB Created successfully!
2021-11-23 12:51:24 info: Server is listening at 3000
2021-11-23 12:51:43 info: new patient added in DB
2021-11-23 12:51:44 info: Directory created successfully!
2021-11-23 12:51:44 info: The file has been saved!
2021-11-23 15:26:01 info: DB Created successfully!
2021-11-23 15:26:01 info: Server is listening at 3000
2021-11-23 15:26:50 info: Database is Closing...
2021-11-23 15:26:53 info: DB Created successfully!
2021-11-23 15:26:53 info: Server is listening at 3000
2021-11-23 15:27:09 info: new patient added in DB
2021-11-23 15:27:11 info: Directory created successfully!
2021-11-23 15:27:11 info: The file has been saved!
2021-11-23 15:27:13 info: info
2021-11-23 15:27:36 info: new patient added in DB
2021-11-23 15:27:37 info: Directory created successfully!
2021-11-23 15:27:37 info: The file has been saved!
2021-11-23 15:27:37 error: Error: Error: ENOENT: no such file or directory, open 'C:\Users\edais\Desktop\CertVerify\BLSD_Certificates\7d74be44-57f4-4890-be3a-ebda0b08dac4.pdf'
2021-11-23 15:27:37 info: info
2021-11-23 15:28:41 info: new patient added in DB
2021-11-23 15:28:42 info: Directory created successfully!
2021-11-23 15:28:42 info: The file has been saved!
2021-11-23 15:28:44 info: info
2021-11-23 15:29:43 info: Database is Closing...
2021-11-23 15:29:46 info: DB Created successfully!
2021-11-23 15:29:46 info: Server is listening at 3000
2021-11-23 15:30:02 info: new patient added in DB
2021-11-23 15:30:04 info: Directory created successfully!
2021-11-23 15:30:04 info: The file has been saved!
2021-11-23 15:30:06 info: info
2021-11-23 20:05:26 info: Database is Closing...
2021-11-23 20:05:29 info: DB Created successfully!
2021-11-23 20:05:29 info: Server is listening at 3000
2021-11-23 20:06:39 info: Database is Closing...
2021-11-23 20:06:41 info: DB Created successfully!
2021-11-23 20:06:41 info: Server is listening at 3000
2021-11-23 20:10:32 info: Database is Closing...
2021-11-23 20:10:36 info: DB Created successfully!
2021-11-23 20:10:36 info: Server is listening at 3000
2021-11-23 20:28:01 info: Database is Closing...
2021-11-23 20:30:18 info: DB Created successfully!
2021-11-23 20:30:18 info: Server is listening at 3000
2021-11-23 20:30:19 info: Database is Closing...
2021-11-23 20:30:27 info: DB Created successfully!
2021-11-23 20:30:27 info: Server is listening at 3000
2021-11-23 20:31:45 info: Database is Closing...
2021-11-23 20:31:50 info: DB Created successfully!
2021-11-23 20:31:50 info: Server is listening at 3000
2021-11-23 20:34:47 info: Database is Closing...
2021-11-24 10:48:54 info: DB Created successfully!
2021-11-24 10:48:54 info: Server is listening at 3000
2021-11-24 10:49:26 info: Database is Closing...
2021-11-24 10:50:34 info: DB Created successfully!
2021-11-24 10:50:34 info: Server is listening at 3000
2021-11-24 13:09:30 info: Database is Closing...
2021-11-24 13:09:32 info: DB Created successfully!
2021-11-24 13:09:32 info: Server is listening at 3000
2021-11-24 13:11:38 info: Database is Closing...
2021-11-24 13:11:40 info: DB Created successfully!
2021-11-24 13:11:40 info: Server is listening at 3000
2021-11-24 13:14:14 info: Database is Closing...
2021-11-24 13:14:16 info: DB Created successfully!
2021-11-24 13:14:16 info: Server is listening at 3000
2021-11-24 13:14:26 info: Database is Closing...
2021-11-24 13:14:28 info: DB Created successfully!
2021-11-24 13:14:28 info: Server is listening at 3000
2021-11-24 13:15:46 info: Database is Closing...
2021-11-24 13:16:20 info: DB Created successfully!
2021-11-24 13:16:20 info: Server is listening at 3000
2021-11-24 15:23:08 info: Database is Closing...
2021-11-24 15:23:30 info: DB Created successfully!
2021-11-24 15:23:30 info: Server is listening at 3000
2021-11-24 15:23:48 info: Database is Closing...
2021-11-24 15:23:51 info: DB Created successfully!
2021-11-24 15:23:51 info: Server is listening at 3000
2021-11-24 15:25:42 info: Database is Closing...
2021-11-24 15:25:45 info: DB Created successfully!
2021-11-24 15:25:45 info: Server is listening at 3000
2021-11-25 08:55:38 info: Database is Closing...
2021-11-25 08:55:42 info: DB Created successfully!
2021-11-25 08:55:42 info: Server is listening at 3000
2021-11-25 08:56:21 info: Database is Closing...
2021-11-25 08:56:23 info: DB Created successfully!
2021-11-25 08:56:23 info: Server is listening at 3000
2021-11-25 08:57:07 info: Database is Closing...
2021-11-25 08:57:10 info: DB Created successfully!
2021-11-25 08:57:10 info: Server is listening at 3000
2021-11-25 09:10:01 info: Database is Closing...
2021-11-25 09:10:04 info: DB Created successfully!
2021-11-25 09:10:04 info: Server is listening at 3000
2021-11-25 09:11:36 info: Database is Closing...
2021-11-25 09:11:38 info: DB Created successfully!
2021-11-25 09:11:38 info: Server is listening at 3000
2021-11-25 09:12:02 info: Database is Closing...
2021-11-25 09:12:04 info: DB Created successfully!
2021-11-25 09:12:04 info: Server is listening at 3000
2021-11-25 09:12:14 info: Database is Closing...
2021-11-25 09:12:16 info: DB Created successfully!
2021-11-25 09:12:16 info: Server is listening at 3000
2021-11-25 09:14:10 info: Database is Closing...
2021-11-25 09:14:12 info: DB Created successfully!
2021-11-25 09:14:12 info: Server is listening at 3000
2021-11-25 09:15:21 info: Database is Closing...
2021-11-25 09:15:24 info: DB Created successfully!
2021-11-25 09:15:24 info: Server is listening at 3000
2021-11-25 09:18:36 info: Database is Closing...
2021-11-25 09:18:39 info: DB Created successfully!
2021-11-25 09:18:39 info: Server is listening at 3000
2021-11-25 09:20:13 info: Database is Closing...
2021-11-25 09:20:15 info: DB Created successfully!
2021-11-25 09:20:15 info: Server is listening at 3000
2021-11-25 10:11:50 info: Database is Closing...
2021-11-25 10:11:53 info: DB Created successfully!
2021-11-25 10:11:53 info: Server is listening at 3000
2021-11-25 10:16:29 info: Database is Closing...
2021-11-25 10:16:31 info: DB Created successfully!
2021-11-25 10:16:31 info: Server is listening at 3000
2021-11-25 10:16:42 info: Database is Closing...
2021-11-25 10:16:44 info: DB Created successfully!
2021-11-25 10:16:44 info: Server is listening at 3000
2021-11-25 10:16:49 info: Database is Closing...
2021-11-25 10:16:51 info: DB Created successfully!
2021-11-25 10:16:51 info: Server is listening at 3000
2021-11-25 10:19:25 info: Database is Closing...
2021-11-25 10:19:28 info: DB Created successfully!
2021-11-25 10:19:28 info: Server is listening at 3000
2021-11-25 10:19:59 info: Database is Closing...
2021-11-25 10:20:01 info: DB Created successfully!
2021-11-25 10:20:01 info: Server is listening at 3000
2021-11-25 10:35:17 info: Database is Closing...
2021-11-25 10:35:19 info: DB Created successfully!
2021-11-25 10:35:19 info: Server is listening at 3000
2021-11-25 13:03:09 info: Database is Closing...
2021-11-25 13:03:12 info: DB Created successfully!
2021-11-25 13:03:12 info: Server is listening at 3000
2021-11-25 13:03:23 info: Database is Closing...
2021-11-25 13:04:09 info: DB Created successfully!
2021-11-25 13:04:09 info: Server is listening at 3000
2021-11-25 13:04:11 info: Database is Closing...
2021-11-25 13:04:13 info: DB Created successfully!
2021-11-25 13:04:13 info: Server is listening at 3000
2021-11-25 13:07:29 info: Database is Closing...
2021-11-25 13:07:31 info: DB Created successfully!
2021-11-25 13:07:31 info: Server is listening at 3000
2021-11-25 13:09:41 info: Database is Closing...
2021-11-25 13:09:44 info: DB Created successfully!
2021-11-25 13:09:44 info: Server is listening at 3000
2021-11-26 09:02:20 info: Database is Closing...
2021-11-26 09:02:24 info: DB Created successfully!
2021-11-26 09:02:24 info: Server is listening at 3000
2021-11-26 09:03:51 info: Database is Closing...
2021-11-26 09:04:30 info: DB Created successfully!
2021-11-26 09:04:30 info: Server is listening at 3000
2021-11-26 11:33:10 info: Database is Closing...
2021-11-26 11:33:16 info: DB Created successfully!
2021-11-26 11:33:16 info: Server is listening at 3000
2021-11-26 11:33:41 info: Database is Closing...
2021-11-26 11:33:43 info: DB Created successfully!
2021-11-26 11:33:43 info: Server is listening at 3000
2021-11-26 11:38:46 info: Database is Closing...
2021-11-26 11:39:23 info: DB Created successfully!
2021-11-26 11:39:23 info: Server is listening at 3000
2021-11-26 11:41:24 info: Database is Closing...
2021-11-26 11:41:26 info: DB Created successfully!
2021-11-26 11:41:26 info: Server is listening at 3000
2021-11-27 16:33:43 info: Database is Closing...
2021-11-27 16:33:47 info: DB Created successfully!
2021-11-27 16:33:47 info: Server is listening at 3000
2021-11-27 17:23:06 info: Database is Closing...
2021-11-27 17:23:12 info: DB Created successfully!
2021-11-27 17:23:12 info: Server is listening at 3000
2021-11-27 17:23:32 info: Database is Closing...
2021-11-27 17:23:39 info: DB Created successfully!
2021-11-27 17:23:39 info: Server is listening at 3000
2021-11-27 17:23:57 info: Database is Closing...
2021-11-27 17:24:01 info: DB Created successfully!
2021-11-27 17:24:01 info: Server is listening at 3000
2021-11-27 17:24:17 info: Database is Closing...
2021-11-27 17:24:20 info: DB Created successfully!
2021-11-27 17:24:20 info: Server is listening at 3000
2021-11-27 17:26:23 info: Database is Closing...
2021-11-27 17:26:56 info: DB Created successfully!
2021-11-27 17:26:56 info: Server is listening at 3000
2021-11-27 17:27:38 info: Database is Closing...
2021-11-27 17:27:44 info: DB Created successfully!
2021-11-27 17:27:44 info: Server is listening at 3000
2021-11-27 17:29:13 info: Database is Closing...
2021-11-27 17:29:16 info: DB Created successfully!
2021-11-27 17:29:16 info: Server is listening at 3000
2021-11-27 17:29:31 info: Database is Closing...
2021-11-27 17:29:34 info: DB Created successfully!
2021-11-27 17:29:34 info: Server is listening at 3000
2021-11-27 17:30:49 info: Database is Closing...
2021-11-27 17:30:53 info: DB Created successfully!
2021-11-27 17:30:53 info: Server is listening at 3000
2021-11-27 17:31:11 info: Database is Closing...
2021-11-27 17:31:15 info: DB Created successfully!
2021-11-27 17:31:15 info: Server is listening at 3000
2021-11-27 17:32:40 info: Database is Closing...
2021-11-27 17:32:43 info: DB Created successfully!
2021-11-27 17:32:43 info: Server is listening at 3000
2021-11-27 17:32:49 info: Database is Closing...
2021-11-27 17:32:53 info: DB Created successfully!
2021-11-27 17:32:53 info: Server is listening at 3000
2021-11-27 17:33:31 info: Database is Closing...
2021-11-27 17:33:35 info: DB Created successfully!
2021-11-27 17:33:35 info: Server is listening at 3000
2021-11-27 17:34:43 info: Database is Closing...
2021-11-27 17:34:49 info: DB Created successfully!
2021-11-27 17:34:49 info: Server is listening at 3000
2021-11-27 17:36:52 info: Database is Closing...
2021-11-27 17:36:58 info: DB Created successfully!
2021-11-27 17:36:58 info: Server is listening at 3000
2021-11-27 18:38:26 info: Database is Closing...
2021-11-27 18:38:33 info: DB Created successfully!
2021-11-27 18:38:33 info: Server is listening at 3000
2021-11-27 19:58:53 info: Database is Closing...
2021-11-27 19:58:58 info: DB Created successfully!
2021-11-27 19:58:58 info: Server is listening at 3000
2021-11-27 19:59:06 info: Database is Closing...
2021-11-27 19:59:09 info: DB Created successfully!
2021-11-27 19:59:09 info: Server is listening at 3000
2021-11-27 20:02:07 info: Database is Closing...
2021-11-27 20:02:11 info: DB Created successfully!
2021-11-27 20:02:11 info: Server is listening at 3000
2021-11-27 23:37:11 info: Database is Closing...
2021-11-27 23:37:15 info: DB Created successfully!
2021-11-27 23:37:15 info: Server is listening at 3000
2021-11-27 23:37:40 info: Database is Closing...
2021-11-27 23:37:42 info: DB Created successfully!
2021-11-27 23:37:42 info: Server is listening at 3000
2021-11-27 23:39:10 info: Database is Closing...
2021-11-27 23:39:12 info: DB Created successfully!
2021-11-27 23:39:12 info: Server is listening at 3000
2021-11-27 23:39:29 info: Database is Closing...
2021-11-27 23:39:32 info: DB Created successfully!
2021-11-27 23:39:32 info: Server is listening at 3000
2021-11-27 23:39:46 info: Database is Closing...
2021-11-27 23:39:48 info: DB Created successfully!
2021-11-27 23:39:48 info: Server is listening at 3000
2021-11-27 23:46:07 info: Database is Closing...
2021-11-27 23:46:09 info: DB Created successfully!
2021-11-27 23:46:09 info: Server is listening at 3000
2021-11-27 23:47:10 info: Database is Closing...
2021-11-27 23:47:12 info: DB Created successfully!
2021-11-27 23:47:12 info: Server is listening at 3000
2021-11-27 23:48:15 info: Database is Closing...
2021-11-27 23:48:18 info: DB Created successfully!
2021-11-27 23:48:18 info: Server is listening at 3000
2021-11-27 23:48:28 info: Database is Closing...
2021-11-27 23:48:30 info: DB Created successfully!
2021-11-27 23:48:30 info: Server is listening at 3000
2021-11-27 23:48:45 info: Database is Closing...
2021-11-27 23:48:47 info: DB Created successfully!
2021-11-27 23:48:47 info: Server is listening at 3000
2021-11-27 23:49:52 info: Database is Closing...
2021-11-27 23:49:54 info: DB Created successfully!
2021-11-27 23:49:54 info: Server is listening at 3000
2021-11-27 23:50:14 info: Database is Closing...
2021-11-27 23:50:16 info: DB Created successfully!
2021-11-27 23:50:16 info: Server is listening at 3000
2021-11-27 23:50:34 info: Database is Closing...
2021-11-27 23:50:36 info: DB Created successfully!
2021-11-27 23:50:36 info: Server is listening at 3000
2021-11-27 23:51:45 info: Database is Closing...
2021-11-27 23:51:48 info: DB Created successfully!
2021-11-27 23:51:48 info: Server is listening at 3000
2021-11-27 23:52:52 info: Database is Closing...
2021-11-27 23:52:54 info: DB Created successfully!
2021-11-27 23:52:54 info: Server is listening at 3000
2021-11-27 23:53:14 info: Database is Closing...
2021-11-27 23:53:16 info: DB Created successfully!
2021-11-27 23:53:16 info: Server is listening at 3000
2021-11-27 23:53:33 info: Database is Closing...
2021-11-27 23:53:36 info: DB Created successfully!
2021-11-27 23:53:36 info: Server is listening at 3000
2021-11-27 23:59:10 info: Database is Closing...
2021-11-27 23:59:13 info: DB Created successfully!
2021-11-27 23:59:13 info: Server is listening at 3000
2021-11-27 23:59:56 info: Database is Closing...
2021-11-27 23:59:59 info: DB Created successfully!
2021-11-27 23:59:59 info: Server is listening at 3000
2021-11-28 00:00:53 info: Database is Closing...
2021-11-28 00:00:55 info: DB Created successfully!
2021-11-28 00:00:55 info: Server is listening at 3000
2021-11-28 00:15:41 info: Database is Closing...
2021-11-28 00:17:04 info: DB Created successfully!
2021-11-28 00:17:04 info: Server is listening at 3000
2021-11-28 00:17:17 info: Database is Closing...
2021-11-28 00:17:19 info: DB Created successfully!
2021-11-28 00:17:19 info: Server is listening at 3000
2021-11-28 00:19:40 info: Database is Closing...
2021-11-28 00:19:42 info: DB Created successfully!
2021-11-28 00:19:42 info: Server is listening at 3000
2021-11-28 00:20:28 info: Database is Closing...
2021-11-28 00:20:31 info: DB Created successfully!
2021-11-28 00:20:31 info: Server is listening at 3000
2021-11-28 00:20:55 info: Database is Closing...
2021-11-28 00:20:57 info: DB Created successfully!
2021-11-28 00:20:57 info: Server is listening at 3000
2021-11-28 00:21:25 info: Database is Closing...
2021-11-28 00:21:27 info: DB Created successfully!
2021-11-28 00:21:27 info: Server is listening at 3000
2021-11-28 00:21:54 info: Database is Closing...
2021-11-28 00:21:56 info: DB Created successfully!
2021-11-28 00:21:56 info: Server is listening at 3000
2021-11-28 00:22:12 info: Database is Closing...
2021-11-28 00:22:14 info: DB Created successfully!
2021-11-28 00:22:14 info: Server is listening at 3000
2021-11-28 00:22:35 info: Database is Closing...
2021-11-28 00:22:37 info: DB Created successfully!
2021-11-28 00:22:37 info: Server is listening at 3000
2021-11-28 00:23:59 info: Database is Closing...
2021-11-28 00:24:02 info: DB Created successfully!
2021-11-28 00:24:02 info: Server is listening at 3000
2021-11-28 14:40:19 info: Database is Closing...
2021-11-28 14:40:22 info: DB Created successfully!
2021-11-28 14:40:22 info: Server is listening at 3000
2021-11-28 14:44:09 info: Database is Closing...
2021-11-28 14:44:11 info: DB Created successfully!
2021-11-28 14:44:11 info: Server is listening at 3000
2021-11-28 14:45:59 info: Database is Closing...
2021-11-28 14:46:01 info: DB Created successfully!
2021-11-28 14:46:01 info: Server is listening at 3000
2021-11-28 14:46:51 info: Database is Closing...
2021-11-28 14:46:54 info: DB Created successfully!
2021-11-28 14:46:54 info: Server is listening at 3000
2021-11-28 14:47:07 info: Database is Closing...
2021-11-28 14:47:09 info: DB Created successfully!
2021-11-28 14:47:09 info: Server is listening at 3000
2021-11-28 15:39:24 info: Database is Closing...
2021-11-28 15:39:26 info: DB Created successfully!
2021-11-28 15:39:26 info: Server is listening at 3000
2021-11-28 15:40:25 info: Database is Closing...
2021-11-28 15:40:27 info: DB Created successfully!
2021-11-28 15:40:27 info: Server is listening at 3000
2021-11-28 15:40:43 info: Database is Closing...
2021-11-28 15:40:45 info: DB Created successfully!
2021-11-28 15:40:45 info: Server is listening at 3000
2021-11-28 15:40:55 info: Database is Closing...
2021-11-28 15:40:57 info: DB Created successfully!
2021-11-28 15:40:57 info: Server is listening at 3000
2021-11-28 15:41:21 info: Database is Closing...
2021-11-28 15:41:24 info: DB Created successfully!
2021-11-28 15:41:24 info: Server is listening at 3000
2021-11-28 15:42:32 info: Database is Closing...
2021-11-28 15:42:34 info: DB Created successfully!
2021-11-28 15:42:34 info: Server is listening at 3000
2021-11-28 15:48:34 info: Database is Closing...
2021-11-28 15:48:37 info: DB Created successfully!
2021-11-28 15:48:37 info: Server is listening at 3000
2021-11-28 15:49:08 info: Database is Closing...
2021-11-28 15:49:10 info: DB Created successfully!
2021-11-28 15:49:10 info: Server is listening at 3000
2021-11-28 16:03:27 info: Database is Closing...
2021-11-28 16:03:29 info: DB Created successfully!
2021-11-28 16:03:29 info: Server is listening at 3000
2021-11-28 16:03:44 info: Database is Closing...
2021-11-28 16:03:46 info: DB Created successfully!
2021-11-28 16:03:46 info: Server is listening at 3000
2021-11-28 16:05:47 info: Database is Closing...
2021-11-28 16:05:49 info: DB Created successfully!
2021-11-28 16:05:49 info: Server is listening at 3000
2021-11-28 16:07:35 info: Database is Closing...
2021-11-28 16:07:37 info: DB Created successfully!
2021-11-28 16:07:37 info: Server is listening at 3000
2021-11-28 16:07:48 info: Database is Closing...
2021-11-28 16:07:50 info: DB Created successfully!
2021-11-28 16:07:50 info: Server is listening at 3000
2021-11-28 16:08:10 info: Database is Closing...
2021-11-28 16:08:13 info: DB Created successfully!
2021-11-28 16:08:13 info: Server is listening at 3000
2021-11-28 16:08:14 info: Database is Closing...
2021-11-28 16:08:16 info: DB Created successfully!
2021-11-28 16:08:16 info: Server is listening at 3000
2021-11-28 16:08:34 info: Database is Closing...
2021-11-28 16:08:36 info: DB Created successfully!
2021-11-28 16:08:36 info: Server is listening at 3000
2021-11-28 16:08:49 info: Database is Closing...
2021-11-28 16:08:51 info: DB Created successfully!
2021-11-28 16:08:51 info: Server is listening at 3000
2021-11-28 16:11:41 info: Database is Closing...
2021-11-28 16:11:43 info: DB Created successfully!
2021-11-28 16:11:43 info: Server is listening at 3000
2021-11-28 16:11:44 info: Database is Closing...
2021-11-28 16:11:46 info: DB Created successfully!
2021-11-28 16:11:46 info: Server is listening at 3000
2021-11-28 16:11:47 info: Database is Closing...
2021-11-28 16:11:49 info: DB Created successfully!
2021-11-28 16:11:49 info: Server is listening at 3000
2021-11-28 16:13:29 info: Database is Closing...
2021-11-28 16:13:31 info: DB Created successfully!
2021-11-28 16:13:31 info: Server is listening at 3000
2021-11-28 16:13:57 info: Database is Closing...
2021-11-28 16:14:00 info: DB Created successfully!
2021-11-28 16:14:00 info: Server is listening at 3000
2021-11-28 16:14:11 info: Database is Closing...
2021-11-28 16:14:13 info: DB Created successfully!
2021-11-28 16:14:13 info: Server is listening at 3000
2021-11-28 16:20:00 info: Database is Closing...
2021-11-28 16:20:03 info: DB Created successfully!
2021-11-28 16:20:03 info: Server is listening at 3000
2021-11-28 16:21:19 info: Database is Closing...
2021-11-28 16:21:21 info: DB Created successfully!
2021-11-28 16:21:21 info: Server is listening at 3000
2021-11-28 16:22:07 info: Database is Closing...
2021-11-28 16:22:09 info: DB Created successfully!
2021-11-28 16:22:10 info: Server is listening at 3000
2021-11-28 16:24:30 info: Database is Closing...
2021-11-28 16:24:32 info: DB Created successfully!
2021-11-28 16:24:32 info: Server is listening at 3000
2021-11-28 16:25:46 info: Database is Closing...
2021-11-28 16:25:47 info: DB Created successfully!
2021-11-28 16:25:48 info: Server is listening at 3000
2021-11-28 16:26:10 info: Database is Closing...
2021-11-28 16:26:13 info: DB Created successfully!
2021-11-28 16:26:13 info: Server is listening at 3000
2021-11-28 17:09:52 info: Database is Closing...
2021-11-28 17:09:55 info: DB Created successfully!
2021-11-28 17:09:55 info: Server is listening at 3000
2021-11-28 17:10:33 info: Database is Closing...
2021-11-28 17:10:37 info: DB Created successfully!
2021-11-28 17:10:37 info: Server is listening at 3000
2021-11-28 17:18:24 info: Database is Closing...
2021-11-28 17:19:16 info: DB Created successfully!
2021-11-28 17:19:16 info: Server is listening at 3000
2021-11-28 17:21:54 info: Database is Closing...
2021-11-28 17:21:56 info: DB Created successfully!
2021-11-28 17:21:56 info: Server is listening at 3000
2021-11-28 17:22:21 info: Database is Closing...
2021-11-28 17:22:37 info: DB Created successfully!
2021-11-28 17:22:37 info: Server is listening at 3000
2021-11-28 17:31:11 info: Database is Closing...
2021-11-28 17:31:13 info: DB Created successfully!
2021-11-28 17:31:13 info: Server is listening at 3000
2021-11-28 17:31:43 info: Database is Closing...
2021-11-28 17:31:45 info: DB Created successfully!
2021-11-28 17:31:45 info: Server is listening at 3000
2021-11-28 17:32:04 info: Database is Closing...
2021-11-28 17:32:06 info: DB Created successfully!
2021-11-28 17:32:06 info: Server is listening at 3000
2021-11-28 17:32:07 info: Database is Closing...
2021-11-28 17:32:09 info: DB Created successfully!
2021-11-28 17:32:09 info: Server is listening at 3000
2021-11-28 17:36:38 info: Database is Closing...
2021-11-28 17:36:41 info: DB Created successfully!
2021-11-28 17:36:41 info: Server is listening at 3000
2021-11-28 17:38:46 info: Database is Closing...
2021-11-28 17:38:49 info: DB Created successfully!
2021-11-28 17:38:49 info: Server is listening at 3000
2021-11-28 17:38:59 info: Database is Closing...
2021-11-28 17:39:01 info: DB Created successfully!
2021-11-28 17:39:01 info: Server is listening at 3000
2021-11-28 17:39:10 info: Database is Closing...
2021-11-28 17:39:12 info: DB Created successfully!
2021-11-28 17:39:12 info: Server is listening at 3000
2021-11-28 17:40:05 info: Database is Closing...
2021-11-28 17:40:10 info: DB Created successfully!
2021-11-28 17:40:10 info: Server is listening at 3000
2021-11-28 17:43:50 info: Database is Closing...
2021-11-28 17:43:52 info: DB Created successfully!
2021-11-28 17:43:52 info: Server is listening at 3000
2021-11-28 17:46:59 info: Database is Closing...
2021-11-28 17:47:02 info: DB Created successfully!
2021-11-28 17:47:02 info: Server is listening at 3000
2021-11-28 17:47:48 info: Database is Closing...
2021-11-28 17:47:50 info: DB Created successfully!
2021-11-28 17:47:50 info: Server is listening at 3000
2021-11-28 17:49:16 info: Database is Closing...
2021-11-28 17:49:18 info: DB Created successfully!
2021-11-28 17:49:18 info: Server is listening at 3000
2021-11-28 17:49:48 info: Database is Closing...
2021-11-28 17:49:50 info: DB Created successfully!
2021-11-28 17:49:50 info: Server is listening at 3000
2021-11-28 17:56:11 info: Database is Closing...
2021-11-28 17:56:13 info: DB Created successfully!
2021-11-28 17:56:13 info: Server is listening at 3000
2021-11-28 17:57:36 info: Database is Closing...
2021-11-28 17:57:38 info: DB Created successfully!
2021-11-28 17:57:38 info: Server is listening at 3000
2021-11-28 18:59:56 info: Database is Closing...
2021-11-28 19:00:00 info: DB Created successfully!
2021-11-28 19:00:00 info: Server is listening at 3000
2021-11-28 19:13:01 info: Database is Closing...
2021-11-28 19:13:03 info: DB Created successfully!
2021-11-28 19:13:03 info: Server is listening at 3000
2021-11-28 19:13:55 info: Database is Closing...
2021-11-28 19:13:57 info: DB Created successfully!
2021-11-28 19:13:57 info: Server is listening at 3000
2021-11-28 19:13:59 info: Database is Closing...
2021-11-28 19:14:01 info: DB Created successfully!
2021-11-28 19:14:01 info: Server is listening at 3000
2021-11-28 19:17:16 info: Database is Closing...
2021-11-28 19:17:18 info: DB Created successfully!
2021-11-28 19:17:18 info: Server is listening at 3000
2021-11-28 19:17:47 info: Database is Closing...
2021-11-28 19:17:49 info: DB Created successfully!
2021-11-28 19:17:49 info: Server is listening at 3000
2021-11-28 19:44:17 info: Database is Closing...
2021-11-28 19:44:19 info: DB Created successfully!
2021-11-28 19:44:20 info: Server is listening at 3000
2021-11-28 19:44:22 info: Database is Closing...
2021-11-28 19:44:24 info: DB Created successfully!
2021-11-28 19:44:24 info: Server is listening at 3000
2021-11-28 19:45:32 info: Database is Closing...
2021-11-28 19:45:34 info: DB Created successfully!
2021-11-28 19:45:34 info: Server is listening at 3000
2021-11-28 23:07:05 info: Database is Closing...
2021-11-28 23:07:10 info: DB Created successfully!
2021-11-28 23:07:10 info: Server is listening at 3000
2021-11-28 23:07:32 info: Database is Closing...
2021-11-28 23:07:34 info: DB Created successfully!
2021-11-28 23:07:34 info: Server is listening at 3000
2021-11-28 23:13:59 info: Database is Closing...
2021-11-28 23:14:01 info: DB Created successfully!
2021-11-28 23:14:01 info: Server is listening at 3000
2021-11-28 23:15:17 info: Database is Closing...
2021-11-28 23:15:19 info: DB Created successfully!
2021-11-28 23:15:19 info: Server is listening at 3000
2021-11-28 23:15:50 info: Database is Closing...
2021-11-28 23:15:53 info: DB Created successfully!
2021-11-28 23:15:53 info: Server is listening at 3000
2021-11-28 23:17:04 info: Database is Closing...
2021-11-28 23:17:06 info: DB Created successfully!
2021-11-28 23:17:06 info: Server is listening at 3000
2021-11-28 23:18:18 info: Database is Closing...
2021-11-28 23:18:21 info: DB Created successfully!
2021-11-28 23:18:21 info: Server is listening at 3000
2021-11-28 23:19:12 info: Database is Closing...
2021-11-28 23:19:15 info: DB Created successfully!
2021-11-28 23:19:15 info: Server is listening at 3000
2021-11-28 23:19:39 info: Database is Closing...
2021-11-28 23:19:42 info: DB Created successfully!
2021-11-28 23:19:42 info: Server is listening at 3000
2021-11-28 23:22:17 info: Database is Closing...
2021-11-28 23:22:19 info: DB Created successfully!
2021-11-28 23:22:19 info: Server is listening at 3000
2021-11-28 23:24:59 info: Database is Closing...
2021-11-28 23:25:02 info: DB Created successfully!
2021-11-28 23:25:02 info: Server is listening at 3000
2021-11-28 23:28:37 info: Database is Closing...
2021-11-28 23:28:39 info: DB Created successfully!
2021-11-28 23:28:39 info: Server is listening at 3000
2021-11-28 23:28:54 info: Database is Closing...
2021-11-28 23:28:56 info: DB Created successfully!
2021-11-28 23:28:56 info: Server is listening at 3000
2021-11-28 23:28:57 info: Database is Closing...
2021-11-28 23:28:59 info: DB Created successfully!
2021-11-28 23:28:59 info: Server is listening at 3000
2021-11-28 23:30:19 info: Database is Closing...
2021-11-28 23:30:21 info: DB Created successfully!
2021-11-28 23:30:21 info: Server is listening at 3000
2021-11-29 10:45:52 info: Database is Closing...
2021-11-29 10:45:57 info: DB Created successfully!
2021-11-29 10:45:57 info: Server is listening at 3000
2021-11-29 10:47:37 info: Database is Closing...
2021-11-29 10:47:39 info: DB Created successfully!
2021-11-29 10:47:39 info: Server is listening at 3000
2021-11-29 10:56:13 info: Database is Closing...
2021-11-29 10:56:16 info: DB Created successfully!
2021-11-29 10:56:16 info: Server is listening at 3000
2021-11-29 10:57:23 info: Database is Closing...
2021-11-29 10:57:25 info: DB Created successfully!
2021-11-29 10:57:25 info: Server is listening at 3000
2021-11-29 10:57:58 info: Database is Closing...
2021-11-29 10:58:00 info: DB Created successfully!
2021-11-29 10:58:00 info: Server is listening at 3000
2021-11-29 11:40:24 info: Database is Closing...
2021-11-29 11:40:27 info: DB Created successfully!
2021-11-29 11:40:27 info: Server is listening at 3000
2021-11-29 11:40:32 info: Database is Closing...
2021-11-29 11:40:34 info: DB Created successfully!
2021-11-29 11:40:34 info: Server is listening at 3000
2021-11-29 11:45:43 info: Database is Closing...
2021-11-29 11:45:45 info: DB Created successfully!
2021-11-29 11:45:45 info: Server is listening at 3000
2021-11-29 11:45:54 info: Database is Closing...
2021-11-29 11:45:56 info: DB Created successfully!
2021-11-29 11:45:56 info: Server is listening at 3000
2021-11-29 11:46:05 info: Database is Closing...
2021-11-29 11:46:07 info: DB Created successfully!
2021-11-29 11:46:07 info: Server is listening at 3000
2021-11-29 12:08:25 info: Database is Closing...
2021-11-29 12:08:28 info: DB Created successfully!
2021-11-29 12:08:28 info: Server is listening at 3000
2021-11-29 12:09:52 info: Database is Closing...
2021-11-29 12:09:55 info: DB Created successfully!
2021-11-29 12:09:55 info: Server is listening at 3000
2021-11-29 13:16:24 info: Database is Closing...
2021-11-29 13:16:27 info: DB Created successfully!
2021-11-29 13:16:27 info: Server is listening at 3000
2021-11-29 13:16:36 info: Database is Closing...
2021-11-29 13:16:38 info: DB Created successfully!
2021-11-29 13:16:38 info: Server is listening at 3000
2021-11-29 13:16:53 info: Database is Closing...
2021-11-29 13:16:55 info: DB Created successfully!
2021-11-29 13:16:55 info: Server is listening at 3000
2021-11-29 13:19:56 info: Database is Closing...
2021-11-29 13:19:58 info: DB Created successfully!
2021-11-29 13:19:58 info: Server is listening at 3000
2021-11-29 13:20:45 info: DB Created successfully!
2021-11-29 13:20:45 info: Server is listening at 3000
2021-11-29 13:38:31 info: Database is Closing...
2021-11-29 13:38:33 info: DB Created successfully!
2021-11-29 13:38:33 info: Server is listening at 3000
2021-11-29 13:38:43 info: Database is Closing...
2021-11-29 13:38:45 info: DB Created successfully!
2021-11-29 13:38:45 info: Server is listening at 3000
2021-11-29 13:43:23 info: Database is Closing...
2021-11-29 13:43:25 info: DB Created successfully!
2021-11-29 13:43:25 info: Server is listening at 3000
2021-11-29 13:44:54 info: Database is Closing...
2021-11-29 13:44:57 info: DB Created successfully!
2021-11-29 13:44:57 info: Server is listening at 3000
2021-11-29 13:45:22 info: Database is Closing...
2021-11-29 13:45:24 info: DB Created successfully!
2021-11-29 13:45:24 info: Server is listening at 3000
2021-11-29 13:52:56 info: Database is Closing...
2021-11-29 13:53:04 info: DB Created successfully!
2021-11-29 13:53:04 info: Server is listening at 3000
2021-11-29 13:54:22 info: Database is Closing...
2021-11-29 13:54:24 info: DB Created successfully!
2021-11-29 13:54:24 info: Server is listening at 3000
2021-11-29 13:54:25 info: Database is Closing...
2021-11-29 13:54:27 info: DB Created successfully!
2021-11-29 13:54:27 info: Server is listening at 3000
2021-11-29 13:54:36 info: Database is Closing...
2021-11-29 13:59:37 info: DB Created successfully!
2021-11-29 13:59:37 info: Server is listening at 3000
2021-11-29 14:01:39 info: Database is Closing...
2021-11-29 14:01:41 info: DB Created successfully!
2021-11-29 14:01:41 info: Server is listening at 3000
2021-11-29 14:12:25 info: Database is Closing...
2021-11-29 14:12:27 info: DB Created successfully!
2021-11-29 14:12:27 info: Server is listening at 3000
2021-11-29 14:13:00 info: Database is Closing...
2021-11-29 14:16:22 info: DB Created successfully!
2021-11-29 14:16:22 info: Server is listening at 3000
2021-11-29 14:18:35 info: Database is Closing...
2021-11-29 14:18:38 info: DB Created successfully!
2021-11-29 14:18:38 info: Server is listening at 3000
2021-11-29 14:20:35 info: Database is Closing...
2021-11-29 14:20:37 info: DB Created successfully!
2021-11-29 14:20:37 info: Server is listening at 3000
2021-11-29 14:20:58 info: Database is Closing...
2021-11-29 14:21:00 info: DB Created successfully!
2021-11-29 14:21:00 info: Server is listening at 3000
2021-11-29 14:21:11 info: Database is Closing...
2021-11-29 14:21:13 info: DB Created successfully!
2021-11-29 14:21:13 info: Server is listening at 3000
2021-11-29 14:21:31 info: Database is Closing...
2021-11-29 14:21:33 info: DB Created successfully!
2021-11-29 14:21:33 info: Server is listening at 3000
2021-11-29 14:21:49 info: Database is Closing...
2021-11-29 14:21:58 info: DB Created successfully!
2021-11-29 14:21:58 info: Server is listening at 3000
2021-11-29 14:23:24 info: Database is Closing...
2021-11-29 14:23:26 info: DB Created successfully!
2021-11-29 14:23:26 info: Server is listening at 3000
2021-11-29 14:23:32 info: Database is Closing...
2021-11-29 14:23:35 info: DB Created successfully!
2021-11-29 14:23:35 info: Server is listening at 3000
2021-11-29 14:23:36 info: Database is Closing...
2021-11-29 14:23:38 info: DB Created successfully!
2021-11-29 14:23:38 info: Server is listening at 3000
2021-11-29 14:25:37 info: Database is Closing...
2021-11-29 14:25:40 info: DB Created successfully!
2021-11-29 14:25:40 info: Server is listening at 3000
2021-11-29 14:25:53 info: Database is Closing...
2021-11-29 14:25:55 info: DB Created successfully!
2021-11-29 14:25:55 info: Server is listening at 3000
2021-11-29 14:28:56 info: Database is Closing...
2021-11-29 14:28:58 info: DB Created successfully!
2021-11-29 14:28:58 info: Server is listening at 3000
2021-11-29 14:29:29 info: Database is Closing...
2021-11-29 14:29:31 info: DB Created successfully!
2021-11-29 14:29:31 info: Server is listening at 3000
2021-11-29 14:29:44 info: Database is Closing...
2021-11-29 14:29:46 info: DB Created successfully!
2021-11-29 14:29:46 info: Server is listening at 3000
2021-11-29 14:30:18 info: Database is Closing...
2021-11-29 14:30:21 info: DB Created successfully!
2021-11-29 14:30:21 info: Server is listening at 3000
2021-11-29 14:31:57 info: Database is Closing...
2021-11-29 14:31:59 info: DB Created successfully!
2021-11-29 14:31:59 info: Server is listening at 3000
2021-11-29 14:32:09 info: Database is Closing...
2021-11-29 14:32:11 info: DB Created successfully!
2021-11-29 14:32:11 info: Server is listening at 3000
2021-11-29 14:32:35 info: Database is Closing...
2021-11-29 14:32:37 info: DB Created successfully!
2021-11-29 14:32:37 info: Server is listening at 3000
2021-11-29 14:32:46 info: Database is Closing...
2021-11-29 14:32:48 info: DB Created successfully!
2021-11-29 14:32:48 info: Server is listening at 3000
2021-11-29 14:33:51 info: Database is Closing...
2021-11-29 14:33:54 info: DB Created successfully!
2021-11-29 14:33:54 info: Server is listening at 3000
2021-11-29 14:37:29 info: Database is Closing...
2021-11-29 14:37:31 info: DB Created successfully!
2021-11-29 14:37:31 info: Server is listening at 3000
2021-11-29 14:37:37 info: Database is Closing...
2021-11-29 14:37:39 info: DB Created successfully!
2021-11-29 14:37:39 info: Server is listening at 3000
2021-11-29 14:38:16 info: Database is Closing...
2021-11-29 14:38:18 info: DB Created successfully!
2021-11-29 14:38:18 info: Server is listening at 3000
2021-11-29 14:38:25 info: Database is Closing...
2021-11-29 14:38:27 info: DB Created successfully!
2021-11-29 14:38:27 info: Server is listening at 3000
2021-11-29 14:38:34 info: Database is Closing...
2021-11-29 14:38:36 info: DB Created successfully!
2021-11-29 14:38:36 info: Server is listening at 3000
2021-11-29 14:39:24 info: Database is Closing...
2021-11-29 14:39:26 info: DB Created successfully!
2021-11-29 14:39:26 info: Server is listening at 3000
2021-11-29 14:39:30 info: Database is Closing...
2021-11-29 14:39:33 info: DB Created successfully!
2021-11-29 14:39:33 info: Server is listening at 3000
2021-11-29 14:40:03 info: Database is Closing...
2021-11-29 14:40:08 info: DB Created successfully!
2021-11-29 14:40:08 info: Server is listening at 3000
2021-11-29 14:40:20 info: Database is Closing...
2021-11-29 14:40:24 info: DB Created successfully!
2021-11-29 14:40:25 info: Server is listening at 3000
2021-11-29 14:41:48 info: Database is Closing...
2021-11-29 14:41:51 info: DB Created successfully!
2021-11-29 14:41:51 info: Server is listening at 3000
2021-11-29 14:41:53 info: Database is Closing...
2021-11-29 14:41:57 info: DB Created successfully!
2021-11-29 14:41:57 info: Server is listening at 3000
2021-11-29 14:42:57 info: Database is Closing...
2021-11-29 14:43:03 info: DB Created successfully!
2021-11-29 14:43:03 info: Server is listening at 3000
2021-11-29 14:43:28 info: Database is Closing...
2021-11-29 14:43:32 info: DB Created successfully!
2021-11-29 14:43:32 info: Server is listening at 3000
2021-11-29 14:43:47 info: Database is Closing...
2021-11-29 14:43:52 info: DB Created successfully!
2021-11-29 14:43:52 info: Server is listening at 3000
2021-11-29 14:56:10 info: Database is Closing...
2021-11-29 14:56:13 info: DB Created successfully!
2021-11-29 14:56:13 info: Server is listening at 3000
2021-11-29 19:22:22 info: Database is Closing...
2021-11-29 19:22:25 info: DB Created successfully!
2021-11-29 19:22:25 info: Server is listening at 3000
2021-11-30 13:48:05 info: Database is Closing...
2021-11-30 13:48:09 info: DB Created successfully!
2021-11-30 13:48:09 info: Server is listening at 3000
2021-11-30 13:49:25 info: Database is Closing...
2021-11-30 13:49:28 info: DB Created successfully!
2021-11-30 13:49:28 info: Server is listening at 3000
2021-11-30 13:49:57 info: Database is Closing...
2021-11-30 13:49:59 info: DB Created successfully!
2021-11-30 13:49:59 info: Server is listening at 3000
2021-11-30 13:50:25 info: Database is Closing...
2021-11-30 13:50:27 info: DB Created successfully!
2021-11-30 13:50:27 info: Server is listening at 3000
2021-11-30 13:51:07 info: Database is Closing...
2021-11-30 13:51:09 info: DB Created successfully!
2021-11-30 13:51:10 info: Server is listening at 3000
2021-11-30 13:51:12 info: Database is Closing...
2021-11-30 13:51:14 info: DB Created successfully!
2021-11-30 13:51:14 info: Server is listening at 3000
2021-11-30 14:09:25 info: Database is Closing...
2021-11-30 14:09:28 info: DB Created successfully!
2021-11-30 14:09:28 info: Server is listening at 3000
2021-11-30 14:12:31 info: Database is Closing...
2021-11-30 14:12:33 info: DB Created successfully!
2021-11-30 14:12:33 info: Server is listening at 3000
2021-11-30 14:20:39 info: Database is Closing...
2021-11-30 14:20:41 info: DB Created successfully!
2021-11-30 14:20:41 info: Server is listening at 3000
2021-11-30 14:21:03 info: Database is Closing...
2021-11-30 14:21:05 info: DB Created successfully!
2021-11-30 14:21:05 info: Server is listening at 3000
2021-11-30 14:21:28 info: Database is Closing...
2021-11-30 14:21:30 info: DB Created successfully!
2021-11-30 14:21:30 info: Server is listening at 3000
2021-11-30 14:22:39 info: Database is Closing...
2021-11-30 14:22:41 info: DB Created successfully!
2021-11-30 14:22:41 info: Server is listening at 3000
2021-11-30 14:24:22 info: Database is Closing...
2021-11-30 14:24:24 info: DB Created successfully!
2021-11-30 14:24:24 info: Server is listening at 3000
2021-11-30 14:25:09 info: Database is Closing...
2021-11-30 14:25:11 info: DB Created successfully!
2021-11-30 14:25:11 info: Server is listening at 3000
2021-11-30 14:25:36 info: Database is Closing...
2021-11-30 14:25:38 info: DB Created successfully!
2021-11-30 14:25:38 info: Server is listening at 3000
2021-11-30 14:26:14 info: Database is Closing...
2021-11-30 14:26:16 info: DB Created successfully!
2021-11-30 14:26:16 info: Server is listening at 3000
2021-11-30 14:26:45 info: Database is Closing...
2021-11-30 14:26:47 info: DB Created successfully!
2021-11-30 14:26:47 info: Server is listening at 3000
2021-11-30 14:27:09 info: Database is Closing...
2021-11-30 14:27:12 info: DB Created successfully!
2021-11-30 14:27:12 info: Server is listening at 3000
2021-11-30 14:27:30 info: Database is Closing...
2021-11-30 14:27:32 info: DB Created successfully!
2021-11-30 14:27:32 info: Server is listening at 3000
2021-11-30 14:32:22 info: Database is Closing...
2021-11-30 14:32:25 info: DB Created successfully!
2021-11-30 14:32:25 info: Server is listening at 3000
2021-11-30 14:32:55 info: Database is Closing...
2021-11-30 14:32:58 info: DB Created successfully!
2021-11-30 14:32:58 info: Server is listening at 3000
2021-11-30 14:34:27 info: Database is Closing...
2021-11-30 14:34:30 info: DB Created successfully!
2021-11-30 14:34:30 info: Server is listening at 3000
2021-11-30 14:35:14 info: Database is Closing...
2021-11-30 14:35:16 info: DB Created successfully!
2021-11-30 14:35:16 info: Server is listening at 3000
2021-11-30 14:40:17 info: Database is Closing...
2021-11-30 14:40:20 info: DB Created successfully!
2021-11-30 14:40:20 info: Server is listening at 3000
2021-11-30 14:40:28 info: Database is Closing...
2021-11-30 14:40:30 info: DB Created successfully!
2021-11-30 14:40:30 info: Server is listening at 3000
2021-11-30 14:40:37 info: Database is Closing...
2021-11-30 14:40:40 info: DB Created successfully!
2021-11-30 14:40:40 info: Server is listening at 3000
2021-11-30 14:49:41 info: Database is Closing...
2021-11-30 14:49:44 info: DB Created successfully!
2021-11-30 14:49:44 info: Server is listening at 3000
2021-11-30 17:49:58 info: Database is Closing...
2021-11-30 17:50:06 info: DB Created successfully!
2021-11-30 17:50:06 info: Server is listening at 3000
2021-11-30 21:06:34 info: Database is Closing...
2021-11-30 21:06:40 info: DB Created successfully!
2021-11-30 21:06:40 info: Server is listening at 3000
2021-11-30 21:06:45 info: Database is Closing...
2021-11-30 21:06:47 info: DB Created successfully!
2021-11-30 21:06:47 info: Server is listening at 3000
2021-11-30 21:10:44 info: Database is Closing...
2021-11-30 21:10:47 info: DB Created successfully!
2021-11-30 21:10:47 info: Server is listening at 3000
2021-11-30 21:13:51 info: Database is Closing...
2021-11-30 21:13:54 info: DB Created successfully!
2021-11-30 21:13:54 info: Server is listening at 3000
2021-11-30 21:13:57 info: Database is Closing...
2021-11-30 21:13:59 info: DB Created successfully!
2021-11-30 21:13:59 info: Server is listening at 3000
2021-11-30 21:14:12 info: Database is Closing...
2021-11-30 21:14:15 info: DB Created successfully!
2021-11-30 21:14:15 info: Server is listening at 3000
2021-11-30 21:14:20 info: Database is Closing...
2021-11-30 21:14:23 info: DB Created successfully!
2021-11-30 21:14:23 info: Server is listening at 3000
2021-11-30 21:16:22 info: Database is Closing...
2021-11-30 21:16:24 info: DB Created successfully!
2021-11-30 21:16:24 info: Server is listening at 3000
2021-11-30 21:17:09 info: Database is Closing...
2021-11-30 21:17:11 info: DB Created successfully!
2021-11-30 21:17:11 info: Server is listening at 3000
2021-11-30 21:18:44 info: Database is Closing...
2021-11-30 21:18:46 info: DB Created successfully!
2021-11-30 21:18:46 info: Server is listening at 3000
2021-11-30 21:19:34 info: Database is Closing...
2021-11-30 21:19:36 info: DB Created successfully!
2021-11-30 21:19:36 info: Server is listening at 3000
2021-11-30 21:19:40 info: Database is Closing...
2021-11-30 21:19:42 info: DB Created successfully!
2021-11-30 21:19:42 info: Server is listening at 3000
2021-11-30 21:58:36 info: Database is Closing...
2021-11-30 21:58:40 info: DB Created successfully!
2021-11-30 21:58:40 info: Server is listening at 3000
2021-12-02 10:26:44 info: new patient added in DB
2021-12-02 10:26:45 info: Directory created successfully!
2021-12-02 10:26:45 info: The file has been saved!
2021-12-02 10:28:48 info: DB Created successfully!
2021-12-02 10:28:48 info: Server is listening at 3000
2021-12-02 10:28:48 info: Database is Closing...
2021-12-02 10:28:49 info: DB Created successfully!
2021-12-02 10:28:49 info: Server is listening at 3000
2021-12-02 11:05:32 info: Database is Closing...
2021-12-02 11:05:34 info: DB Created successfully!
2021-12-02 11:05:34 info: Server is listening at 3000
2021-12-02 11:05:38 info: Database is Closing...
2021-12-02 11:05:40 info: DB Created successfully!
2021-12-02 11:05:40 info: Server is listening at 3000
2021-12-02 12:57:48 info: new patient added in DB
2021-12-02 12:57:49 info: Directory created successfully!
2021-12-02 12:57:49 info: The file has been saved!
2021-12-02 12:59:56 info: DB Created successfully!
2021-12-02 12:59:56 info: Server is listening at 3000
2021-12-02 13:01:51 info: new patient added in DB
2021-12-02 13:01:53 info: The file has been saved!
2021-12-02 13:01:53 info: Directory created successfully!
2021-12-02 13:07:15 info: DB Created successfully!
2021-12-02 13:07:15 info: Server is listening at 3000
2021-12-02 13:08:27 info: new patient added in DB
2021-12-02 13:09:58 info: DB Created successfully!
2021-12-02 13:09:58 info: Server is listening at 3000
2021-12-02 13:10:30 info: new patient added in DB
2021-12-02 13:10:54 info: DB Created successfully!
2021-12-02 13:10:54 info: Server is listening at 3000
2021-12-02 13:11:19 info: new patient added in DB
2021-12-02 13:32:48 info: DB Created successfully!
2021-12-02 13:32:48 info: Server is listening at 3000
2021-12-02 13:33:10 info: DB Created successfully!
2021-12-02 13:33:10 info: Server is listening at 3000
2021-12-02 13:47:19 info: Database is Closing...
2021-12-02 13:47:22 info: DB Created successfully!
2021-12-02 13:47:22 info: Server is listening at 3000
2021-12-02 13:56:03 info: Database is Closing...
2021-12-02 13:56:05 info: DB Created successfully!
2021-12-02 13:56:05 info: Server is listening at 3000
2021-12-02 13:56:06 info: Database is Closing...
2021-12-02 13:56:09 info: DB Created successfully!
2021-12-02 13:56:09 info: Server is listening at 3000
2021-12-02 13:57:14 info: Database is Closing...
2021-12-02 13:57:16 info: DB Created successfully!
2021-12-02 13:57:16 info: Server is listening at 3000
2021-12-03 09:02:04 info: DB Created successfully!
2021-12-03 09:02:04 info: Server is listening at 3000
2021-12-03 19:46:17 info: DB Created successfully!
2021-12-03 19:46:17 info: Server is listening at 3000
2021-12-03 19:50:22 info: Database is Closing...
2021-12-03 19:50:25 info: DB Created successfully!
2021-12-03 19:50:25 info: Server is listening at 3000
2021-12-03 19:50:45 info: Database is Closing...
2021-12-03 19:50:48 info: DB Created successfully!
2021-12-03 19:50:48 info: Server is listening at 3000
2021-12-03 19:51:25 info: Database is Closing...
2021-12-03 19:51:29 info: DB Created successfully!
2021-12-03 19:51:29 info: Server is listening at 3000
2021-12-03 20:49:49 info: Database is Closing...
2021-12-03 20:49:54 info: DB Created successfully!
2021-12-03 20:49:54 info: Server is listening at 3000
2021-12-03 20:49:59 info: Database is Closing...
2021-12-03 20:50:03 info: DB Created successfully!
2021-12-03 20:50:03 info: Server is listening at 3000
2021-12-03 20:50:31 info: Database is Closing...
2021-12-03 20:50:35 info: DB Created successfully!
2021-12-03 20:50:35 info: Server is listening at 3000
2021-12-03 20:51:35 info: Database is Closing...
2021-12-03 20:51:39 info: DB Created successfully!
2021-12-03 20:51:39 info: Server is listening at 3000
2021-12-03 20:51:43 info: Database is Closing...
2021-12-03 20:51:46 info: DB Created successfully!
2021-12-03 20:51:46 info: Server is listening at 3000
2021-12-03 20:54:18 info: Database is Closing...
2021-12-03 20:54:22 info: DB Created successfully!
2021-12-03 20:54:22 info: Server is listening at 3000
2021-12-03 20:55:35 info: Database is Closing...
2021-12-03 20:55:39 info: DB Created successfully!
2021-12-03 20:55:39 info: Server is listening at 3000
2021-12-03 20:56:17 info: Database is Closing...
2021-12-03 20:56:21 info: DB Created successfully!
2021-12-03 20:56:21 info: Server is listening at 3000
2021-12-03 20:56:54 info: Database is Closing...
2021-12-03 20:56:58 info: DB Created successfully!
2021-12-03 20:56:58 info: Server is listening at 3000
2021-12-03 20:57:02 info: Database is Closing...
2021-12-03 20:57:05 info: DB Created successfully!
2021-12-03 20:57:05 info: Server is listening at 3000
2021-12-03 20:58:15 info: Database is Closing...
2021-12-03 20:58:21 info: DB Created successfully!
2021-12-03 20:58:21 info: Server is listening at 3000
2021-12-03 21:21:09 info: Database is Closing...
2021-12-03 21:21:15 info: DB Created successfully!
2021-12-03 21:21:15 info: Server is listening at 3000
2021-12-03 21:38:31 info: Database is Closing...
2021-12-03 21:38:35 info: DB Created successfully!
2021-12-03 21:38:35 info: Server is listening at 3000
2021-12-03 21:41:48 info: Database is Closing...
2021-12-03 21:41:52 info: DB Created successfully!
2021-12-03 21:41:52 info: Server is listening at 3000
2021-12-03 21:50:56 info: Database is Closing...
2021-12-03 21:51:00 info: DB Created successfully!
2021-12-03 21:51:00 info: Server is listening at 3000
2021-12-03 21:53:35 info: Database is Closing...
2021-12-03 21:53:39 info: DB Created successfully!
2021-12-03 21:53:39 info: Server is listening at 3000
2021-12-03 21:53:58 info: Database is Closing...
2021-12-03 21:54:02 info: DB Created successfully!
2021-12-03 21:54:02 info: Server is listening at 3000
2021-12-03 22:03:43 info: Database is Closing...
2021-12-03 22:03:48 info: DB Created successfully!
2021-12-03 22:03:48 info: Server is listening at 3000
2021-12-03 22:18:00 info: Database is Closing...
2021-12-03 22:18:06 info: DB Created successfully!
2021-12-03 22:18:06 info: Server is listening at 3000
2021-12-04 00:03:11 info: Database is Closing...
2021-12-04 00:03:17 info: DB Created successfully!
2021-12-04 00:03:17 info: Server is listening at 3000
2021-12-04 00:03:41 info: Database is Closing...
2021-12-04 00:03:44 info: DB Created successfully!
2021-12-04 00:03:44 info: Server is listening at 3000
2021-12-04 00:04:04 info: Database is Closing...
2021-12-04 00:04:08 info: DB Created successfully!
2021-12-04 00:04:08 info: Server is listening at 3000
2021-12-04 00:05:18 info: Database is Closing...
2021-12-04 00:05:22 info: DB Created successfully!
2021-12-04 00:05:22 info: Server is listening at 3000
2021-12-04 00:05:52 info: Database is Closing...
2021-12-04 00:05:56 info: DB Created successfully!
2021-12-04 00:05:56 info: Server is listening at 3000
2021-12-04 00:08:07 info: Database is Closing...
2021-12-04 00:08:11 info: DB Created successfully!
2021-12-04 00:08:11 info: Server is listening at 3000
2021-12-04 00:20:52 info: Database is Closing...
2021-12-04 00:20:56 info: DB Created successfully!
2021-12-04 00:20:56 info: Server is listening at 3000
2021-12-04 00:21:05 info: Database is Closing...
2021-12-04 00:21:11 info: DB Created successfully!
2021-12-04 00:21:11 info: Server is listening at 3000
2021-12-04 00:21:12 info: Database is Closing...
2021-12-04 00:21:16 info: DB Created successfully!
2021-12-04 00:21:16 info: Server is listening at 3000
2021-12-04 00:21:55 info: Database is Closing...
2021-12-04 00:21:59 info: DB Created successfully!
2021-12-04 00:21:59 info: Server is listening at 3000
2021-12-04 00:22:32 info: Database is Closing...
2021-12-04 00:22:35 info: DB Created successfully!
2021-12-04 00:22:35 info: Server is listening at 3000
2021-12-04 12:10:21 info: Database is Closing...
2021-12-04 12:10:29 info: DB Created successfully!
2021-12-04 12:10:29 info: Server is listening at 3000
2021-12-04 12:11:19 info: Database is Closing...
2021-12-04 12:11:23 info: DB Created successfully!
2021-12-04 12:11:23 info: Server is listening at 3000
2021-12-04 12:12:04 info: Database is Closing...
2021-12-04 12:12:08 info: DB Created successfully!
2021-12-04 12:12:08 info: Server is listening at 3000
2021-12-04 12:12:11 info: Database is Closing...
2021-12-04 12:12:14 info: DB Created successfully!
2021-12-04 12:12:14 info: Server is listening at 3000
2021-12-04 12:12:35 info: Database is Closing...
2021-12-04 12:12:39 info: DB Created successfully!
2021-12-04 12:12:39 info: Server is listening at 3000
2021-12-04 12:17:48 info: Database is Closing...
2021-12-04 12:17:54 info: DB Created successfully!
2021-12-04 12:17:54 info: Server is listening at 3000
2021-12-04 12:18:18 info: Database is Closing...
2021-12-04 12:18:22 info: DB Created successfully!
2021-12-04 12:18:22 info: Server is listening at 3000
2021-12-04 12:18:28 info: Database is Closing...
2021-12-04 12:18:32 info: DB Created successfully!
2021-12-04 12:18:32 info: Server is listening at 3000
2021-12-04 12:20:00 info: Database is Closing...
2021-12-04 12:20:04 info: DB Created successfully!
2021-12-04 12:20:04 info: Server is listening at 3000
2021-12-05 19:23:09 info: DB Created successfully!
2021-12-05 19:23:09 info: Server is listening at 3000
2021-12-06 15:24:44 info: DB Created successfully!
2021-12-06 15:24:45 info: Server is listening at 3000
2021-12-06 16:12:03 info: Database is Closing...
2021-12-06 16:12:05 info: DB Created successfully!
2021-12-06 16:12:05 info: Server is listening at 3000
2021-12-06 16:14:48 info: Database is Closing...
2021-12-06 16:14:51 info: DB Created successfully!
2021-12-06 16:14:51 info: Server is listening at 3000
2021-12-06 16:15:10 info: Database is Closing...
2021-12-06 16:15:12 info: DB Created successfully!
2021-12-06 16:15:12 info: Server is listening at 3000
2021-12-06 16:16:27 info: Database is Closing...
2021-12-06 16:16:30 info: DB Created successfully!
2021-12-06 16:16:30 info: Server is listening at 3000
2021-12-06 16:20:29 info: Database is Closing...
2021-12-06 16:20:32 info: DB Created successfully!
2021-12-06 16:20:32 info: Server is listening at 3000
2021-12-06 16:20:34 info: Database is Closing...
2021-12-06 16:20:37 info: DB Created successfully!
2021-12-06 16:20:37 info: Server is listening at 3000
2021-12-06 16:20:50 info: Database is Closing...
2021-12-06 16:20:53 info: DB Created successfully!
2021-12-06 16:20:53 info: Server is listening at 3000
2021-12-06 16:21:14 info: Database is Closing...
2021-12-06 16:21:17 info: DB Created successfully!
2021-12-06 16:21:17 info: Server is listening at 3000
2021-12-06 16:21:33 info: Database is Closing...
2021-12-06 16:21:36 info: DB Created successfully!
2021-12-06 16:21:36 info: Server is listening at 3000
2021-12-06 16:22:12 info: Database is Closing...
2021-12-06 16:22:14 info: DB Created successfully!
2021-12-06 16:22:14 info: Server is listening at 3000
2021-12-06 16:22:23 info: Database is Closing...
2021-12-06 16:22:25 info: DB Created successfully!
2021-12-06 16:22:25 info: Server is listening at 3000
2021-12-06 16:22:36 info: Database is Closing...
2021-12-06 16:22:39 info: DB Created successfully!
2021-12-06 16:22:39 info: Server is listening at 3000
2021-12-06 20:35:59 info: Database is Closing...
2021-12-06 20:36:03 info: DB Created successfully!
2021-12-06 20:36:03 info: Server is listening at 3000
2021-12-06 20:36:29 info: Database is Closing...
2021-12-06 20:36:32 info: DB Created successfully!
2021-12-06 20:36:32 info: Server is listening at 3000
2021-12-06 20:36:42 info: Database is Closing...
2021-12-06 20:36:45 info: DB Created successfully!
2021-12-06 20:36:45 info: Server is listening at 3000
2021-12-06 20:37:03 info: Database is Closing...
2021-12-06 20:37:06 info: DB Created successfully!
2021-12-06 20:37:06 info: Server is listening at 3000
2021-12-06 20:37:16 info: Database is Closing...
2021-12-06 20:37:20 info: DB Created successfully!
2021-12-06 20:37:20 info: Server is listening at 3000
2021-12-06 20:37:45 info: Database is Closing...
2021-12-06 20:37:48 info: DB Created successfully!
2021-12-06 20:37:48 info: Server is listening at 3000
2021-12-06 20:38:17 info: Database is Closing...
2021-12-06 20:38:21 info: DB Created successfully!
2021-12-06 20:38:21 info: Server is listening at 3000
2021-12-06 20:40:46 info: Database is Closing...
2021-12-06 20:40:49 info: DB Created successfully!
2021-12-06 20:40:49 info: Server is listening at 3000
2021-12-06 20:42:00 info: Database is Closing...
2021-12-06 20:42:03 info: DB Created successfully!
2021-12-06 20:42:03 info: Server is listening at 3000
2021-12-06 20:42:29 info: Database is Closing...
2021-12-06 20:42:33 info: DB Created successfully!
2021-12-06 20:42:33 info: Server is listening at 3000
2021-12-06 20:44:38 info: Database is Closing...
2021-12-06 20:44:41 info: DB Created successfully!
2021-12-06 20:44:41 info: Server is listening at 3000
2021-12-06 20:45:22 info: Database is Closing...
2021-12-06 20:45:26 info: DB Created successfully!
2021-12-06 20:45:26 info: Server is listening at 3000
2021-12-06 20:45:38 info: Database is Closing...
2021-12-06 20:45:41 info: DB Created successfully!
2021-12-06 20:45:41 info: Server is listening at 3000
2021-12-06 20:45:45 info: Database is Closing...
2021-12-06 20:45:49 info: DB Created successfully!
2021-12-06 20:45:49 info: Server is listening at 3000
2021-12-06 20:46:01 info: Database is Closing...
2021-12-06 20:46:05 info: DB Created successfully!
2021-12-06 20:46:05 info: Server is listening at 3000
2021-12-06 20:46:37 info: Database is Closing...
2021-12-06 20:46:41 info: DB Created successfully!
2021-12-06 20:46:41 info: Server is listening at 3000
2021-12-06 20:50:37 info: Database is Closing...
2021-12-06 20:50:40 info: DB Created successfully!
2021-12-06 20:50:40 info: Server is listening at 3000
2021-12-06 20:51:25 info: Database is Closing...
2021-12-06 20:51:28 info: DB Created successfully!
2021-12-06 20:51:28 info: Server is listening at 3000
2021-12-06 20:51:50 info: Database is Closing...
2021-12-06 20:51:53 info: DB Created successfully!
2021-12-06 20:51:53 info: Server is listening at 3000
2021-12-06 20:52:16 info: Database is Closing...
2021-12-06 20:52:19 info: DB Created successfully!
2021-12-06 20:52:19 info: Server is listening at 3000
2021-12-06 20:53:45 info: Database is Closing...
2021-12-06 20:53:49 info: DB Created successfully!
2021-12-06 20:53:49 info: Server is listening at 3000
2021-12-06 20:55:36 info: Database is Closing...
2021-12-06 20:55:40 info: DB Created successfully!
2021-12-06 20:55:40 info: Server is listening at 3000
2021-12-06 20:57:57 info: Database is Closing...
2021-12-06 20:58:01 info: DB Created successfully!
2021-12-06 20:58:01 info: Server is listening at 3000
2021-12-06 21:08:36 info: Database is Closing...
2021-12-06 21:08:40 info: DB Created successfully!
2021-12-06 21:08:40 info: Server is listening at 3000
2021-12-06 21:09:57 info: Database is Closing...
2021-12-06 21:10:00 info: DB Created successfully!
2021-12-06 21:10:00 info: Server is listening at 3000
2021-12-06 21:10:13 info: Database is Closing...
2021-12-06 21:10:17 info: DB Created successfully!
2021-12-06 21:10:17 info: Server is listening at 3000
2021-12-07 09:33:34 info: Database is Closing...
2021-12-07 09:33:39 info: DB Created successfully!
2021-12-07 09:33:39 info: Server is listening at 3000
2021-12-07 09:43:02 info: Database is Closing...
2021-12-07 09:43:06 info: DB Created successfully!
2021-12-07 09:43:06 info: Server is listening at 3000
2021-12-07 09:45:17 info: Database is Closing...
2021-12-07 09:45:20 info: DB Created successfully!
2021-12-07 09:45:20 info: Server is listening at 3000
2021-12-07 09:45:38 info: Database is Closing...
2021-12-07 09:45:41 info: DB Created successfully!
2021-12-07 09:45:41 info: Server is listening at 3000
2021-12-07 09:46:06 info: Database is Closing...
2021-12-07 09:46:10 info: DB Created successfully!
2021-12-07 09:46:10 info: Server is listening at 3000
2021-12-07 09:46:49 info: Database is Closing...
2021-12-07 09:46:52 info: DB Created successfully!
2021-12-07 09:46:52 info: Server is listening at 3000
2021-12-07 09:51:25 info: Database is Closing...
2021-12-07 09:51:28 info: DB Created successfully!
2021-12-07 09:51:28 info: Server is listening at 3000
2021-12-07 09:55:48 info: Database is Closing...
2021-12-07 09:55:51 info: DB Created successfully!
2021-12-07 09:55:51 info: Server is listening at 3000
2021-12-07 09:59:13 info: Database is Closing...
2021-12-07 09:59:17 info: DB Created successfully!
2021-12-07 09:59:17 info: Server is listening at 3000
2021-12-07 09:59:28 info: Database is Closing...
2021-12-07 09:59:32 info: DB Created successfully!
2021-12-07 09:59:32 info: Server is listening at 3000
2021-12-07 10:10:46 info: Database is Closing...
2021-12-07 10:10:50 info: DB Created successfully!
2021-12-07 10:10:50 info: Server is listening at 3000
2021-12-07 10:11:45 info: Database is Closing...
2021-12-07 10:11:49 info: DB Created successfully!
2021-12-07 10:11:49 info: Server is listening at 3000
2021-12-07 10:12:28 info: Database is Closing...
2021-12-07 10:12:31 info: DB Created successfully!
2021-12-07 10:12:31 info: Server is listening at 3000
2021-12-07 10:23:56 info: Database is Closing...
2021-12-07 10:23:59 info: DB Created successfully!
2021-12-07 10:23:59 info: Server is listening at 3000
2021-12-07 10:24:21 info: Database is Closing...
2021-12-07 10:24:25 info: DB Created successfully!
2021-12-07 10:24:25 info: Server is listening at 3000
2021-12-07 10:24:26 info: Database is Closing...
2021-12-07 10:24:31 info: DB Created successfully!
2021-12-07 10:24:31 info: Server is listening at 3000
2021-12-07 10:38:48 info: new patient added in DB
2021-12-07 10:48:52 info: DB Created successfully!
2021-12-07 10:48:52 info: Server is listening at 3000
2021-12-07 10:49:19 info: Database is Closing...
2021-12-07 10:49:23 info: DB Created successfully!
2021-12-07 10:49:23 info: Server is listening at 3000
2021-12-07 11:33:00 info: Database is Closing...
2021-12-07 11:33:05 info: DB Created successfully!
2021-12-07 11:33:05 info: Server is listening at 3000
2021-12-07 11:33:10 info: Database is Closing...
2021-12-07 11:33:47 info: DB Created successfully!
2021-12-07 11:33:47 info: Server is listening at 3000
2021-12-08 13:23:06 info: new patient added in DB
2021-12-08 13:23:06 error: Error: Error: queryA EREFUSED smtp.gmail.com
2021-12-08 13:23:06 info: info
2021-12-08 13:23:07 info: Directory created successfully!
2021-12-08 13:23:50 info: DB Created successfully!
2021-12-08 13:23:50 info: Server is listening at 3000
2021-12-08 13:24:06 info: new patient added in DB
2021-12-08 13:24:38 info: DB Created successfully!
2021-12-08 13:24:38 info: Server is listening at 3000
2021-12-08 13:24:49 info: new patient added in DB
2021-12-08 13:24:50 info: Directory created successfully!
2021-12-08 13:24:50 info: The file has been saved!
2021-12-08 13:24:50 error: Error: Error: ENOENT: no such file or directory, open 'C:\Users\edais\Desktop\CertVerify\BLSD_Certificates\639c0778-51f5-41a7-97dc-113b7813af04.pdf'
2021-12-08 13:24:50 info: info
2021-12-08 13:29:30 info: Database is Closing...
2021-12-08 13:29:36 info: DB Created successfully!
2021-12-08 13:29:36 info: Server is listening at 3000
2021-12-08 13:31:08 info: Database is Closing...
2021-12-08 13:31:13 info: DB Created successfully!
2021-12-08 13:31:13 info: Server is listening at 3000
2021-12-08 13:34:58 info: Database is Closing...
2021-12-08 13:35:03 info: DB Created successfully!
2021-12-08 13:35:03 info: Server is listening at 3000
2021-12-08 13:35:20 info: Database is Closing...
2021-12-08 13:35:23 info: DB Created successfully!
2021-12-08 13:35:23 info: Server is listening at 3000
2021-12-08 13:35:46 info: Database is Closing...
2021-12-08 13:35:50 info: DB Created successfully!
2021-12-08 13:35:50 info: Server is listening at 3000
2021-12-08 13:36:40 info: Database is Closing...
2021-12-08 13:36:44 info: DB Created successfully!
2021-12-08 13:36:44 info: Server is listening at 3000
2021-12-08 13:38:10 info: Database is Closing...
2021-12-08 13:38:15 info: DB Created successfully!
2021-12-08 13:38:15 info: Server is listening at 3000
2021-12-08 13:38:15 info: Database is Closing...
2021-12-08 13:38:19 info: DB Created successfully!
2021-12-08 13:38:19 info: Server is listening at 3000
2021-12-08 13:38:42 info: new patient added in DB
2021-12-08 13:38:43 info: Directory created successfully!
2021-12-08 13:38:43 info: The file has been saved!
2021-12-08 13:38:44 error: Error: Error: ENOENT: no such file or directory, open 'C:\Users\edais\Desktop\CertVerify\BLSD_Certificates\85e15736-43e5-4f87-9c6c-305cccbca99e.pdf'
2021-12-08 13:38:44 info: info
2021-12-08 13:40:46 info: Database is Closing...
2021-12-08 13:40:51 info: DB Created successfully!
2021-12-08 13:40:51 info: Server is listening at 3000
2021-12-08 13:41:36 info: Database is Closing...
2021-12-08 13:41:40 info: DB Created successfully!
2021-12-08 13:41:40 info: Server is listening at 3000
2021-12-08 13:41:58 info: new patient added in DB
2021-12-08 13:42:41 info: DB Created successfully!
2021-12-08 13:42:41 info: Server is listening at 3000
2021-12-08 13:42:58 info: new patient added in DB
2021-12-08 13:43:32 info: DB Created successfully!
2021-12-08 13:43:32 info: Server is listening at 3000
2021-12-08 13:43:43 info: new patient added in DB
2021-12-08 13:43:44 info: Directory created successfully!
2021-12-08 13:43:44 info: The file has been saved!
2021-12-08 13:45:22 info: DB Created successfully!
2021-12-08 13:45:22 info: Server is listening at 3000
2021-12-08 13:45:31 info: Database is Closing...
2021-12-08 13:45:34 info: DB Created successfully!
2021-12-08 13:45:34 info: Server is listening at 3000
2021-12-08 13:45:52 info: new patient added in DB
2021-12-08 13:45:54 info: Directory created successfully!
2021-12-08 13:45:54 info: The file has been saved!
2021-12-08 13:46:26 info: DB Created successfully!
2021-12-08 13:46:26 info: Server is listening at 3000
2021-12-08 13:46:34 info: Database is Closing...
2021-12-08 13:46:38 info: DB Created successfully!
2021-12-08 13:46:38 info: Server is listening at 3000
2021-12-08 13:47:08 info: DB Created successfully!
2021-12-08 13:47:08 info: Server is listening at 3000
2021-12-08 13:47:08 info: new patient added in DB
2021-12-08 13:47:09 error: error ? ENOENT: no such file or directory, mkdir 'C:\Users\edais\Desktop\C:\Users\edais\Desktop\CertVerify\src\BLSD_Certificates'
2021-12-08 13:47:09 info: The file has been saved!
2021-12-08 13:47:51 info: DB Created successfully!
2021-12-08 13:47:51 info: Server is listening at 3000
2021-12-08 13:48:10 info: Database is Closing...
2021-12-08 13:48:13 info: DB Created successfully!
2021-12-08 13:48:13 info: Server is listening at 3000
2021-12-08 13:48:28 info: new patient added in DB
2021-12-08 13:48:29 info: Directory created successfully!
2021-12-08 13:48:29 info: The file has been saved!
2021-12-08 13:50:02 info: DB Created successfully!
2021-12-08 13:50:02 info: Server is listening at 3000
2021-12-08 13:50:39 info: new patient added in DB
2021-12-08 13:50:40 info: Directory created successfully!
2021-12-08 13:50:40 info: The file has been saved!
2021-12-08 13:50:41 error: Error: Error: ENOENT: no such file or directory, open 'C:\Users\edais\Desktop\CertVerify\BLSD_Certificates\d366b91c-a742-4427-8a5f-37dc4a0f89f5.pdf'
2021-12-08 13:50:41 info: info
2021-12-08 13:56:39 info: Database is Closing...
2021-12-08 13:56:43 info: DB Created successfully!
2021-12-08 13:56:43 info: Server is listening at 3000
2021-12-08 13:57:08 info: new patient added in DB
2021-12-08 13:57:10 info: Directory created successfully!
2021-12-08 13:57:10 info: The file has been saved!
2021-12-08 13:57:10 error: Error: Error: ENOENT: no such file or directory, open 'C:\Users\edais\Desktop\CertVerify\BLSD_Certificates\f6dd7aed-1320-4eec-9424-b1fb3b5b91b1.pdf'
2021-12-08 13:57:10 info: info
2021-12-08 13:57:29 info: Database is Closing...
2021-12-08 13:57:32 info: DB Created successfully!
2021-12-08 13:57:32 info: Server is listening at 3000
2021-12-08 13:57:32 info: Database is Closing...
2021-12-08 13:57:36 info: DB Created successfully!
2021-12-08 13:57:36 info: Server is listening at 3000
2021-12-08 13:58:02 info: new patient added in DB
2021-12-08 13:58:03 info: Directory created successfully!
2021-12-08 13:58:03 info: The file has been saved!
2021-12-08 13:58:04 error: Error: Error: ENOENT: no such file or directory, open 'C:\Users\edais\Desktop\CertVerify\BLSD_Certificates\81445ea4-232e-46c6-b0c7-e0dff34a5ba2.pdf'
2021-12-08 13:58:04 info: info
2021-12-08 14:53:06 info: Database is Closing...
2021-12-08 14:53:12 info: DB Created successfully!
2021-12-08 14:53:12 info: Server is listening at 3000
2021-12-08 14:53:46 info: new patient added in DB
2021-12-08 14:53:47 info: Directory created successfully!
2021-12-08 14:53:47 info: The file has been saved!
2021-12-08 14:53:48 error: Error: Error: ENOENT: no such file or directory, open 'C:\Users\edais\Desktop\CertVerify\BLSD_Certificates\2058e9e3-5685-4789-a101-999bb4670c89.pdf'
2021-12-08 14:53:48 info: info
2021-12-08 15:02:10 info: Database is Closing...
2021-12-08 15:02:18 info: DB Created successfully!
2021-12-08 15:02:18 info: Server is listening at 3000
2021-12-08 15:02:43 info: new patient added in DB
2021-12-08 15:03:01 info: DB Created successfully!
2021-12-08 15:03:01 info: Server is listening at 3000
2021-12-08 15:04:31 info: DB Created successfully!
2021-12-08 15:04:31 info: Server is listening at 3000
2021-12-08 15:04:48 info: new patient added in DB
2021-12-08 15:05:11 info: DB Created successfully!
2021-12-08 15:05:11 info: Server is listening at 3000
2021-12-08 15:05:22 info: new patient added in DB
2021-12-08 15:05:23 info: Directory created successfully!
2021-12-08 15:05:23 info: The file has been saved!
2021-12-08 15:05:24 error: Error: Error: ENOENT: no such file or directory, open 'C:\Users\edais\Desktop\CertVerify\BLSD_Certificates\2fddbddb-a3ae-46bb-9cc4-07d70ddb992d.pdf'
2021-12-08 15:05:24 info: info
2021-12-08 15:10:45 info: new patient added in DB
2021-12-08 15:10:46 info: Directory created successfully!
2021-12-08 15:10:46 info: The file has been saved!
2021-12-08 15:10:46 error: Error: Error: ENOENT: no such file or directory, open 'C:\Users\edais\Desktop\CertVerify\BLSD_Certificates\893ffbf4-184a-470b-8e8d-ae27f58309ad.pdf'
2021-12-08 15:10:46 info: info
2021-12-08 15:12:49 info: Database is Closing...
2021-12-08 15:14:05 info: DB Created successfully!
2021-12-08 15:14:05 info: Server is listening at 3000
2021-12-08 15:15:19 info: new patient added in DB
2021-12-08 15:15:21 info: Directory created successfully!
2021-12-08 15:16:11 info: DB Created successfully!
2021-12-08 15:16:11 info: Server is listening at 3000
2021-12-08 15:16:25 info: new patient added in DB
2021-12-08 15:16:26 info: Directory created successfully!
2021-12-08 15:16:26 info: The file has been saved!
2021-12-08 15:16:27 error: Error: Error: Invalid login: 534-5.7.9 Application-specific password required. Learn more at
534 5.7.9  https://support.google.com/mail/?p=InvalidSecondFactor k21sm1994277edo.87 - gsmtp
2021-12-08 15:16:27 info: info
2021-12-08 15:17:29 info: new patient added in DB
2021-12-08 15:17:29 info: Directory created successfully!
2021-12-08 15:17:29 info: The file has been saved!
2021-12-08 15:17:30 error: Error: Error: Invalid login: 534-5.7.9 Application-specific password required. Learn more at
534 5.7.9  https://support.google.com/mail/?p=InvalidSecondFactor my2sm1568623ejc.109 - gsmtp
2021-12-08 15:17:30 info: info
2021-12-08 15:18:18 info: Database is Closing...
2021-12-08 15:18:22 info: DB Created successfully!
2021-12-08 15:18:22 info: Server is listening at 3000
2021-12-08 15:19:21 info: Database is Closing...
2021-12-08 15:19:25 info: DB Created successfully!
2021-12-08 15:19:25 info: Server is listening at 3000
2021-12-08 15:19:25 info: Database is Closing...
2021-12-08 15:19:28 info: DB Created successfully!
2021-12-08 15:19:28 info: Server is listening at 3000
2021-12-08 15:19:40 info: new patient added in DB
2021-12-08 15:19:41 info: Directory created successfully!
2021-12-08 15:19:41 info: The file has been saved!
2021-12-08 15:19:41 error: Error: Error: Invalid login: 534-5.7.9 Application-specific password required. Learn more at
534 5.7.9  https://support.google.com/mail/?p=InvalidSecondFactor h7sm2226073edb.89 - gsmtp
2021-12-08 15:19:41 info: info
2021-12-08 15:21:14 info: Database is Closing...
2021-12-08 15:21:30 info: DB Created successfully!
2021-12-08 15:21:30 info: Server is listening at 3000
2021-12-08 15:21:50 info: new patient added in DB
2021-12-08 15:21:51 info: Directory created successfully!
2021-12-08 15:21:51 info: The file has been saved!
2021-12-08 15:21:51 error: Error: Error: ENOENT: no such file or directory, open 'C:\Users\edais\Desktop\CertVerify\BLSD_Certificates\37823498-d306-4f68-8b6e-b54e562fefdd.pdf'
2021-12-08 15:21:51 info: info
2021-12-08 15:24:11 info: new patient added in DB
2021-12-08 15:24:12 info: Directory created successfully!
2021-12-08 15:24:12 info: The file has been saved!
2021-12-08 15:24:12 error: Error: Error: ENOENT: no such file or directory, open 'C:\Users\edais\Desktop\CertVerify\BLSD_Certificates\824f19e4-b9b5-41f1-89ff-e90302a82c13.pdf'
2021-12-08 15:24:12 info: info
2021-12-08 15:25:53 info: Database is Closing...
2021-12-08 15:26:02 info: DB Created successfully!
2021-12-08 15:26:02 info: Server is listening at 3000
2021-12-08 15:26:04 info: Database is Closing...
2021-12-08 15:26:07 info: DB Created successfully!
2021-12-08 15:26:07 info: Server is listening at 3000
2021-12-08 15:26:18 info: new patient added in DB
2021-12-08 15:26:19 info: Directory created successfully!
2021-12-08 15:26:19 info: The file has been saved!
2021-12-08 15:26:21 info: info
2021-12-08 15:26:50 info: Database is Closing...
2021-12-08 15:27:01 info: DB Created successfully!
2021-12-08 15:27:01 info: Server is listening at 3000
2021-12-08 15:27:01 info: Database is Closing...
